<?xml version="1.0" encoding="UTF-8"?>
<testsuite name="HandlerTest" tests="1" skipped="0" failures="0" errors="0" timestamp="2022-06-10T20:09:06" hostname="RADOSTIN" time="0.022">
  <properties/>
  <testcase name="handleRequest()" classname="HandlerTest" time="0.022"/>
  <system-out><![CDATA[]]></system-out>
  <system-err><![CDATA[]]></system-err>
</testsuite>
